Build started 10/14/2020 4:08:31 PM.
     1>Project "C:\Users\Thalibar Rifqi\Documents\Visual Studio 2013\Projects\Fuzzy Logic\Fuzzy Logic\Fuzzy Logic.vcxproj" on node 2 (Build target(s)).
     1>ClCompile:
         C:\Program Files (x86)\Microsoft Visual Studio 12.0\VC\bin\CL.exe /c /ZI /nologo /W3 /WX- /sdl /Od /Oy- /D WIN32 /D _WINDOWS /D _DEBUG /D _UNICODE /D UNICODE /D _AFXDLL /Gm /EHsc /RTC1 /MDd /GS /fp:precise /Zc:wchar_t /Zc:forScope /Yc"stdafx.h" /Fp"Debug\Fuzzy Logic.pch" /Fo"Debug\\" /Fd"Debug\vc120.pdb" /Gd /TP /analyze- /errorReport:prompt stdafx.cpp
         stdafx.cpp
         C:\Program Files (x86)\Microsoft Visual Studio 12.0\VC\bin\CL.exe /c /ZI /nologo /W3 /WX- /sdl /Od /Oy- /D WIN32 /D _WINDOWS /D _DEBUG /D _UNICODE /D UNICODE /D _AFXDLL /Gm /EHsc /RTC1 /MDd /GS /fp:precise /Zc:wchar_t /Zc:forScope /Yu"stdafx.h" /Fp"Debug\Fuzzy Logic.pch" /Fo"Debug\\" /Fd"Debug\vc120.pdb" /Gd /TP /analyze- /errorReport:prompt "Fuzzy Logic.cpp" "Fuzzy LogicDlg.cpp" tchart1.cpp
         Skipping... (no relevant changes detected)
         tchart1.cpp
         Fuzzy LogicDlg.cpp
         Fuzzy Logic.cpp
       Link:
         C:\Program Files (x86)\Microsoft Visual Studio 12.0\VC\bin\link.exe /ERRORREPORT:PROMPT /OUT:"C:\Users\Thalibar Rifqi\Documents\Visual Studio 2013\Projects\Fuzzy Logic\Debug\Fuzzy Logic.exe" /INCREMENTAL /NOLOGO /MANIFEST /MANIFESTUAC:"level='asInvoker' uiAccess='false'" /manifest:embed /manifestinput:"C:\Program Files (x86)\Microsoft Visual Studio 12.0\VC\Include\Manifest\dpiaware.manifest" /DEBUG /PDB:"C:\Users\Thalibar Rifqi\Documents\Visual Studio 2013\Projects\Fuzzy Logic\Debug\Fuzzy Logic.pdb" /SUBSYSTEM:WINDOWS /TLBID:1 /ENTRY:"wWinMainCRTStartup" /DYNAMICBASE /NXCOMPAT /IMPLIB:"C:\Users\Thalibar Rifqi\Documents\Visual Studio 2013\Projects\Fuzzy Logic\Debug\Fuzzy Logic.lib" /MACHINE:X86 "Debug\Fuzzy Logic.res"
         "Debug\Fuzzy Logic.obj"
         "Debug\Fuzzy LogicDlg.obj"
         Debug\stdafx.obj
         Debug\tchart1.obj
         Fuzzy Logic.vcxproj -> C:\Users\Thalibar Rifqi\Documents\Visual Studio 2013\Projects\Fuzzy Logic\Debug\Fuzzy Logic.exe
     1>Done Building Project "C:\Users\Thalibar Rifqi\Documents\Visual Studio 2013\Projects\Fuzzy Logic\Fuzzy Logic\Fuzzy Logic.vcxproj" (Build target(s)).

Build succeeded.

Time Elapsed 00:00:07.16
