c:\users\thalibar rifqi\documents\visual studio 2013\projects\fuzzy logic\fuzzy logic\debug\fuzzy logic.pch
c:\users\thalibar rifqi\documents\visual studio 2013\projects\fuzzy logic\fuzzy logic\debug\vc120.pdb
c:\users\thalibar rifqi\documents\visual studio 2013\projects\fuzzy logic\fuzzy logic\debug\vc120.idb
c:\users\thalibar rifqi\documents\visual studio 2013\projects\fuzzy logic\fuzzy logic\debug\stdafx.obj
c:\users\thalibar rifqi\documents\visual studio 2013\projects\fuzzy logic\fuzzy logic\debug\fuzzy logic.obj
c:\users\thalibar rifqi\documents\visual studio 2013\projects\fuzzy logic\fuzzy logic\debug\fuzzy logicdlg.obj
c:\users\thalibar rifqi\documents\visual studio 2013\projects\fuzzy logic\fuzzy logic\debug\tchart1.obj
c:\users\thalibar rifqi\documents\visual studio 2013\projects\fuzzy logic\debug\fuzzy logic.ilk
c:\users\thalibar rifqi\documents\visual studio 2013\projects\fuzzy logic\debug\fuzzy logic.exe
c:\users\thalibar rifqi\documents\visual studio 2013\projects\fuzzy logic\debug\fuzzy logic.pdb
c:\users\thalibar rifqi\documents\visual studio 2013\projects\fuzzy logic\fuzzy logic\debug\fuzzy logic.res
c:\users\thalibar rifqi\documents\visual studio 2013\projects\fuzzy logic\fuzzy logic\debug\teechart.tli
c:\users\thalibar rifqi\documents\visual studio 2013\projects\fuzzy logic\fuzzy logic\debug\teechart.tlh
c:\users\thalibar rifqi\documents\visual studio 2013\projects\fuzzy logic\fuzzy logic\debug\fuzzy logic.tlog\cl.command.1.tlog
c:\users\thalibar rifqi\documents\visual studio 2013\projects\fuzzy logic\fuzzy logic\debug\fuzzy logic.tlog\cl.read.1.tlog
c:\users\thalibar rifqi\documents\visual studio 2013\projects\fuzzy logic\fuzzy logic\debug\fuzzy logic.tlog\cl.write.1.tlog
c:\users\thalibar rifqi\documents\visual studio 2013\projects\fuzzy logic\fuzzy logic\debug\fuzzy logic.tlog\link.command.1.tlog
c:\users\thalibar rifqi\documents\visual studio 2013\projects\fuzzy logic\fuzzy logic\debug\fuzzy logic.tlog\link.read.1.tlog
c:\users\thalibar rifqi\documents\visual studio 2013\projects\fuzzy logic\fuzzy logic\debug\fuzzy logic.tlog\link.write.1.tlog
c:\users\thalibar rifqi\documents\visual studio 2013\projects\fuzzy logic\fuzzy logic\debug\fuzzy logic.tlog\rc.command.1.tlog
c:\users\thalibar rifqi\documents\visual studio 2013\projects\fuzzy logic\fuzzy logic\debug\fuzzy logic.tlog\rc.read.1.tlog
c:\users\thalibar rifqi\documents\visual studio 2013\projects\fuzzy logic\fuzzy logic\debug\fuzzy logic.tlog\rc.write.1.tlog
